<?xml version="1.0" encoding="UTF-8"?>
<testng-results ignored="0" total="5" passed="5" failed="0" skipped="0">
  <reporter-output>
  </reporter-output>
  <suite started-at="2024-06-30T11:35:22 IST" name="Default suite" finished-at="2024-06-30T11:35:34 IST" duration-ms="12093">
    <groups>
    </groups>
    <test started-at="2024-06-30T11:35:22 IST" name="Default test" finished-at="2024-06-30T11:35:34 IST" duration-ms="12093">
      <class name="dataDrivenTesting.TC003_DDT_AddNewEmployees_UsingExcelSheet">
        <test-method signature="postNewEmployees(java.lang.String,java.lang.String,java.lang.String)[pri:0, instance:dataDrivenTesting.TC003_DDT_AddNewEmployees_UsingExcelSheet@302552ec]" started-at="2024-06-30T11:35:24 IST" name="postNewEmployees" data-provider="empDataProvider" finished-at="2024-06-30T11:35:30 IST" duration-ms="5329" status="PASS">
          <params>
            <param index="0">
              <value>
                <![CDATA[JOHNXYZ125]]>
              </value>
            </param>
            <param index="1">
              <value>
                <![CDATA[400000]]>
              </value>
            </param>
            <param index="2">
              <value>
                <![CDATA[30]]>
              </value>
            </param>
          </params>
          <reporter-output>
          </reporter-output>
        </test-method> <!-- postNewEmployees -->
        <test-method signature="postNewEmployees(java.lang.String,java.lang.String,java.lang.String)[pri:0, instance:dataDrivenTesting.TC003_DDT_AddNewEmployees_UsingExcelSheet@302552ec]" started-at="2024-06-30T11:35:30 IST" name="postNewEmployees" data-provider="empDataProvider" finished-at="2024-06-30T11:35:31 IST" duration-ms="1002" status="PASS">
          <params>
            <param index="0">
              <value>
                <![CDATA[DAVIDXYZ126]]>
              </value>
            </param>
            <param index="1">
              <value>
                <![CDATA[70000]]>
              </value>
            </param>
            <param index="2">
              <value>
                <![CDATA[40]]>
              </value>
            </param>
          </params>
          <reporter-output>
          </reporter-output>
        </test-method> <!-- postNewEmployees -->
        <test-method signature="postNewEmployees(java.lang.String,java.lang.String,java.lang.String)[pri:0, instance:dataDrivenTesting.TC003_DDT_AddNewEmployees_UsingExcelSheet@302552ec]" started-at="2024-06-30T11:35:31 IST" name="postNewEmployees" data-provider="empDataProvider" finished-at="2024-06-30T11:35:32 IST" duration-ms="1013" status="PASS">
          <params>
            <param index="0">
              <value>
                <![CDATA[MISRAKXYZ127]]>
              </value>
            </param>
            <param index="1">
              <value>
                <![CDATA[80000]]>
              </value>
            </param>
            <param index="2">
              <value>
                <![CDATA[35]]>
              </value>
            </param>
          </params>
          <reporter-output>
          </reporter-output>
        </test-method> <!-- postNewEmployees -->
        <test-method signature="postNewEmployees(java.lang.String,java.lang.String,java.lang.String)[pri:0, instance:dataDrivenTesting.TC003_DDT_AddNewEmployees_UsingExcelSheet@302552ec]" started-at="2024-06-30T11:35:32 IST" name="postNewEmployees" data-provider="empDataProvider" finished-at="2024-06-30T11:35:33 IST" duration-ms="979" status="PASS">
          <params>
            <param index="0">
              <value>
                <![CDATA[SMITHXYZ128]]>
              </value>
            </param>
            <param index="1">
              <value>
                <![CDATA[240000]]>
              </value>
            </param>
            <param index="2">
              <value>
                <![CDATA[45]]>
              </value>
            </param>
          </params>
          <reporter-output>
          </reporter-output>
        </test-method> <!-- postNewEmployees -->
        <test-method signature="postNewEmployees(java.lang.String,java.lang.String,java.lang.String)[pri:0, instance:dataDrivenTesting.TC003_DDT_AddNewEmployees_UsingExcelSheet@302552ec]" started-at="2024-06-30T11:35:33 IST" name="postNewEmployees" data-provider="empDataProvider" finished-at="2024-06-30T11:35:34 IST" duration-ms="1016" status="PASS">
          <params>
            <param index="0">
              <value>
                <![CDATA[SCOTTXYZ129]]>
              </value>
            </param>
            <param index="1">
              <value>
                <![CDATA[740000]]>
              </value>
            </param>
            <param index="2">
              <value>
                <![CDATA[50]]>
              </value>
            </param>
          </params>
          <reporter-output>
          </reporter-output>
        </test-method> <!-- postNewEmployees -->
      </class> <!-- dataDrivenTesting.TC003_DDT_AddNewEmployees_UsingExcelSheet -->
    </test> <!-- Default test -->
  </suite> <!-- Default suite -->
</testng-results>
