<?xml version="1.0" encoding="UTF-8"?>
<!-- Generated by org.testng.reporters.JUnitXMLReporter -->
<testsuite ignored="0" hostname="Deepak" failures="0" tests="5" name="Default test" time="12.093" errors="0" timestamp="2024-06-30T11:35:34 IST">
  <testcase classname="dataDrivenTesting.TC003_DDT_AddNewEmployees_UsingExcelSheet" name="postNewEmployees" time="5.329"/>
  <testcase classname="dataDrivenTesting.TC003_DDT_AddNewEmployees_UsingExcelSheet" name="postNewEmployees" time="1.002"/>
  <testcase classname="dataDrivenTesting.TC003_DDT_AddNewEmployees_UsingExcelSheet" name="postNewEmployees" time="1.013"/>
  <testcase classname="dataDrivenTesting.TC003_DDT_AddNewEmployees_UsingExcelSheet" name="postNewEmployees" time="0.979"/>
  <testcase classname="dataDrivenTesting.TC003_DDT_AddNewEmployees_UsingExcelSheet" name="postNewEmployees" time="1.016"/>
</testsuite> <!-- Default test -->
